<?xml version="1.0" encoding="UTF-8"?>
<!-- Generated by org.testng.reporters.JUnitReportReporter -->
<testsuite hostname="DESKTOP-P8351SK" failures="0" tests="1" name="com.inetbanking.testCases.TC_AddNewCustomer_003" time="16.716" errors="0" timestamp="2024-06-12T19:50:02 IST" skipped="0">
  <testcase classname="com.inetbanking.testCases.TC_AddNewCustomer_003" name="AddNewCustomer" time="16.716"/>
</testsuite> <!-- com.inetbanking.testCases.TC_AddNewCustomer_003 -->
