<?xml version="1.0" encoding="UTF-8"?>
<!-- Generated by org.testng.reporters.JUnitReportReporter -->
<testsuite hostname="DESKTOP-P8351SK" failures="0" tests="1" name="com.inetbanking.testCases.TC_LoginTest_001" time="1.788" errors="0" timestamp="2024-06-12T19:50:02 IST" skipped="0">
  <testcase classname="com.inetbanking.testCases.TC_LoginTest_001" name="loginTest" time="1.788"/>
</testsuite> <!-- com.inetbanking.testCases.TC_LoginTest_001 -->
